<?xml version="1.0" encoding="UTF-8"?>
<testsuite xmlns:xsi="http://www.w3.org/2001/XMLSchema-instance" xsi:noNamespaceSchemaLocation="https://maven.apache.org/surefire/maven-surefire-plugin/xsd/surefire-test-report.xsd" name="projeto.api.runner.RunnerTest" time="26.568" tests="36" errors="0" skipped="0" failures="0">
  <properties>
[...]
</properties>
  <testcase name="Listar Usuários" classname="Data manipulated API Reqres" time="7.556"/>
  <testcase name="Listar usuários em páginas diferentes #1" classname="Data manipulated API Reqres" time="1.527"/>
  <testcase name="Listar usuários em páginas diferentes #2" classname="Data manipulated API Reqres" time="0.597"/>
  <testcase name="Listar usuários em páginas diferentes #3" classname="Data manipulated API Reqres" time="0.937"/>
  <testcase name="Listar usuários em páginas diferentes #4" classname="Data manipulated API Reqres" time="0.4"/>
  <testcase name="Listar usuários em páginas diferentes #5" classname="Data manipulated API Reqres" time="0.264"/>
  <testcase name="Obter detalhes de um usuário existente #1" classname="Data manipulated API Reqres" time="1.478"/>
  <testcase name="Obter detalhes de um usuário existente #2" classname="Data manipulated API Reqres" time="1.55"/>
  <testcase name="Obter detalhes de um usuário existente #3" classname="Data manipulated API Reqres" time="0.494"/>
  <testcase name="Obter detalhes de um usuário existente #4" classname="Data manipulated API Reqres" time="0.178"/>
  <testcase name="Obter detalhes de um usuário existente #5" classname="Data manipulated API Reqres" time="0.196"/>
  <testcase name="Obter detalhes de um usuário existente #6" classname="Data manipulated API Reqres" time="0.225"/>
  <testcase name="Obter detalhes de um usuário existente #7" classname="Data manipulated API Reqres" time="0.165"/>
  <testcase name="Obter detalhes de um usuário existente #8" classname="Data manipulated API Reqres" time="0.248"/>
  <testcase name="Obter detalhes de um usuário existente #9" classname="Data manipulated API Reqres" time="0.167"/>
  <testcase name="Obter detalhes de um usuário existente #10" classname="Data manipulated API Reqres" time="0.146"/>
  <testcase name="Obter detalhes de um usuário inexistente #1" classname="Data manipulated API Reqres" time="0.138"/>
  <testcase name="Criar um usuário com dados válidos" classname="Data manipulated API Reqres" time="0.134"/>
  <testcase name="Criar um usuário com dados inválidos #1" classname="Data manipulated API Reqres" time="0.139"/>
  <testcase name="Criar um usuário com dados inválidos #2" classname="Data manipulated API Reqres" time="0.237"/>
  <testcase name="Criar um usuário com dados inválidos #3" classname="Data manipulated API Reqres" time="0.195"/>
  <testcase name="Criar um usuário com dados inválidos #4" classname="Data manipulated API Reqres" time="0.141"/>
  <testcase name="Atualizar um usuário com dados válidos" classname="Data manipulated API Reqres" time="0.404"/>
  <testcase name="Atualizar um usuário com dados faltando #1" classname="Data manipulated API Reqres" time="0.722"/>
  <testcase name="Excluir um usuário existente" classname="Data manipulated API Reqres" time="0.535"/>
  <testcase name="Excluir um usuário inexistente" classname="Data manipulated API Reqres" time="0.473"/>
  <testcase name="Testar login com credenciais válidas" classname="Data manipulated API Reqres" time="0.502"/>
  <testcase name="Testar login sem fornecer credenciais" classname="Data manipulated API Reqres" time="0.636"/>
  <testcase name="Obter detalhes de um usuário inexistente #2" classname="Data manipulated API Reqres" time="0.268"/>
  <testcase name="Criar um usuário com dados vazios" classname="Data manipulated API Reqres" time="0.425"/>
  <testcase name="Listar vários usuários com paginação #1" classname="Data manipulated API Reqres" time="0.721"/>
  <testcase name="Listar vários usuários com paginação #2" classname="Data manipulated API Reqres" time="0.403"/>
  <testcase name="Criar múltiplos usuários #1" classname="Data manipulated API Reqres" time="0.128"/>
  <testcase name="Criar múltiplos usuários #2" classname="Data manipulated API Reqres" time="0.365"/>
  <testcase name="Criar múltiplos usuários #3" classname="Data manipulated API Reqres" time="0.743"/>
  <testcase name="Atualizar um usuário com dados faltando #2" classname="Data manipulated API Reqres" time="0.448"/>
</testsuite>